Data:1698096
Vocab: 68776
len vocab size: 68776
ftmodel:  /Users/rhasan3/onedrive/work/edtech-scrape/ft-profile-sg.bin
(68776, 100)
Number of Clusters:10
0.552 : twitter news follow account information tweet page website info blog
0.491 : antipodean americanheart suomi pashtun liasion personhood publicknowledge commonplace glbtq politcs
0.555 : focused focus aiding benefiting caliber managerial directories bcorporation chrysalis prioritise
0.626 : tech dxctechnology techsmith enterprisearchitecture trivago bmcsoftware vjnydtnyow sofware keysight worx
0.643 : teacher school education educator teaching lifelong multiage sdpbc bettendorf coteaching
0.534 : writer creator creater wysiwyg minutiae webzine spfbo madcap teatime downunder
0.619 : wife lover mother enthusiast avid dogfather pawrent busybody outdoorswoman multipassionate
0.686 : stfxuniversity codirector universitysa msuepet qmuniversity clarkuniversity studyucem conjoint usjct assisstant
0.507 : love life time forgetting smorgasbord coolness happenstance discombobulated lamborghini christlike
0.649 : poughkeepsie snoqualmie ledyard parsippany atchison flvs holmdel sylacauga multnomah seekonk
Mean: 0.586, var:0.004
NPMI:0.58621
NPMI Mean:0.58621
NPMI Var:0.0

******************************************

Number of Clusters:20
0.543 : follow tweet website info blog check visit brag informations advisories
0.676 : londonderry bracknell trowbridge carluke ballyclare tonyrefail greatermanchester maltby kidderminster birkenhead
0.574 : annoyance outright oblivion suess vomit misleading leftisbest overzealous discombobulated bonhoeffer
0.628 : health care inpatient medications brainhealth delirium phlebotomist multimorbidity osteoporosis tracheostomy
0.661 : school twitter davenport grayslake sunnyside albemarle parochial woodridge northgate dupage
0.582 : love life music family time travel kids loves passion loving
0.668 : wife husband father mother proud friend christian married daughter boys
0.576 : development support training project dedicated supporting focused focus initiatives facilitating
0.636 : technology tech dxctechnology technovation techsmith trivago enterprisearchitecture bmcsoftware sofware keysight
0.606 : business services solutions service leading company experience offerings multinational unrivalled
0.658 : susquehanna frazier sheboygan mcfarland sandusky owatonna corvallis cartwright poughkeepsie atchison
0.647 : sports football dodgeball fantasyfootball racquetball basketballer lpga footballing raysbaseball nhljets
0.576 : writer author docuseries minutiae authoress spfbo webzine teatime breadwinner authorsguild
0.726 : lover enthusiast nerd geek avid traveler foodie wannabe adventurer techie
0.510 : pasifika internacional malawian danube americanheart commonplace suomi ufifas environnement malagasy
0.710 : reseacher keeleuniversity cmuniversity professorial stfxuniversity trentuniversity reseach universitysa predoctoral msuepet
0.545 : education views tweets director opinions passionate codirector classlink viewsrmine personnal
0.687 : teacher educator learner lifelong multiage sdpbc teacherlibrarian nnps paraeducator classkick
0.556 : mayonnaise smorgasbord woohoo lamborghini marzipan risotto huzzah hunnid hijinks tadpoles
0.540 : learning world community people create mission difference striving passionately collectively
Mean: 0.615, var:0.004
NPMI:0.61534
NPMI Mean:0.61534
NPMI Var:0.0

******************************************

Number of Clusters:30
0.519 : children child mental families addictions siblings developmentally kinship miscarriage premature
0.670 : science research reseacher lmumuenchen reseach unigoettingen uniinnsbruck fraunhofer uqam uniwarszawski
0.579 : mayonnaise discombobulated guillotine huzzah risotto vowels goosebumps xotwod plunder vendetta
0.583 : director senior president executive chair exec randcorporation codirector prgm chairing
0.681 : londonderry skipton bracknell trowbridge carluke ballyclare maltby birkenhead greatermanchester kidderminster
0.592 : technology tech social digital marketing media design creative strategy technolgy
0.642 : susquehanna chilliwack sunnyvale kokomo flagstaff comox escondido bismarck vermilion corvallis
0.608 : community dedicated mission supporting focused committed empowering collaborations collaboratively collectively
0.718 : school elementary principal middle lakeview hopewell westlake hillcrest sumner grandview
0.635 : tetris tokusatsu warframe nintendoswitch noobs octane bungie kfbf mmos backgammon
0.669 : wife husband father mother proud friend christian loving married daughter
0.548 : bussiness entreprise internacional vizag jugaad cibc fhnw godrej suomi investissement
0.586 : love family food books travel loves coffee photography passion friends
0.667 : janice rodney maynard bernadette frazier michaela marjorie marlowe cuthbert sykes
0.681 : university student graduate univeristy universityofky brockuniversity drakeuniversity keeleuniversity universityofri professorial
0.733 : lover enthusiast reader nerd geek avid traveler fanatic foodie wannabe
0.617 : progressivism gerrymandering outright milkteaalliance leftisbest twill freeleonardpeltier ourrevolution moreincommon wokeaf
0.628 : sports football racquetball fantasyfootball lpga footballing effzeh raysbaseball nhljets redblacks
0.707 : views tweets opinions personal tweet endorsements endorsement retweets expressed likes
0.675 : coach basketball soccer athlete volleyball softball cheer cheerleader lacrosse cheerleading
0.633 : nature environment sustainability environmental environmentalism earthlings pollination environs natures environ
0.571 : writer author blogspot publisherswkly authoress postopinions spfbo teatime webzine nzstuff
0.552 : life world people time unending tagline happyness funloving humanly endeavoring
0.556 : music artist musician productions rocknroll virtuoso beatboxer jingle stagehand technicolor
0.582 : founder passionate advocate leader consultant specialist expert creator strategist passionated
0.583 : business professional services training service leading experience providing focus offerings
0.607 : twitter news follow account official information instagram page website updates
0.615 : health care medical interprofessional inpatient medications brainhealth pharmacovigilance delirium phlebotomist
0.674 : software sassoftware outsystems liferay microfocus ovhcloud qkrmcnlmcu enterprisearchitecture trivago snyksec
0.664 : teacher education learning educator learner teaching lifelong multiage sdpbc lbpsb
Mean: 0.626, var:0.003
NPMI:0.6258
NPMI Mean:0.6258
NPMI Var:0.0

******************************************

Number of Clusters:40
0.566 : follow information events share tweet sharing updates info tweeting related
0.680 : school principal schools middle westlake hillcrest sumner grayslake brevard sunnyside
0.603 : twitter account official page office department feed handle monitored accounts
0.717 : medical rheumatologist inpatient transfusion prehospital nufeinbergmed osuwexmed ilooklikeasurgeon pituitary nyphospital
0.689 : feminist allblacklivesmatter cisgender sexnotgender antifacist radfem milkteaalliance democraticsocialist protecttranskids lgtbq
0.548 : human justice rights democratising unmigration accesstojustice whistleblowing endviolence anitaborg rapporteur
0.523 : website blog check visit click blogspot rsvp gimmicks clickbait megaphone
0.579 : food coffees guacamole handful coffe denim avocados celery fudge chardonnay
0.726 : lover enthusiast nerd geek avid traveler foodie wannabe adventurer techie
0.631 : science research lmumuenchen compchem reseach hhmi sfiscience proscience tudarmstadt fraunhofer
0.634 : illegitimate flyover gerrymandering outright freedomfighter covfefe leadright patriotparty magaveteran wakeupamerica
0.633 : education university student teaching graduate professorial cmuniversity rowanuniversity stfxuniversity keanuniversity
0.611 : investor investments bussiness financier angelinvestor entreprise invester wealthfront angellist wantrepreneur
0.687 : teacher educator learner lifelong multiage sdpbc teacherlibrarian nnps paraeducator classkick
0.630 : spongebob weirdos goober mayonnaise boyband dickhead kfbf vomit lolz smorgasbord
0.535 : life time living live happy everyday happen wishing minding worthwhile
0.678 : sports football soccer dodgeball racquetball fantasyfootball basketballer lpga sportsball footballing
0.609 : learning technology tech digital passionate development innovation innovations blending passionated
0.685 : frankfort brandywine chavez frazier davison mcclure sheboygan marlowe cuthbert mcfarland
0.547 : children kids home special child families parent adults ages teens
0.578 : director founder consultant manager executive codirector pagerduty whitebdadvisor educationconsultant cheif
0.516 : social media history politics culture studies political literatures foucault occidental
0.726 : views tweets opinions personal endorsements endorsement retweets expressed likes opinion
0.546 : sawdust cauldron lamborghini huzzah risotto prelude shimmering goosebumps wrld treble
0.693 : software outsystems jetbrains liferay coldfusion epam ovhcloud qkrmcnlmcu trivago synopsys
0.622 : augustana missourian dubuque kokomo uvmvermont missoula plattsburgh valparaiso northcarolina otterbein
0.610 : professional online services support training service leading quality providing provide
0.697 : londonderry skipton bracknell trowbridge carluke maltby kidderminster tonyrefail birkenhead greatermanchester
0.551 : music artist film rocknroll virtuoso beatboxer wysiwyg jingle stagehand technicolor
0.659 : news journalistic newsquest journaliste dailyorange gulfnews informationweek newslaundry postopinions journalistin
0.606 : business marketing management solutions company strategy multinational consultancies blackbaud bcorporation
0.548 : tagline enthralled annoyance humanly inimitable doubting suess coolness frivolous overzealous
0.556 : passion difference goal striving believes motto passionately progression believers tenacity
0.651 : writer author books book novelist bookouture novellas hqstories publisherswkly lynnettenovak
0.578 : health care mental wellness addictions lifespan sedentary hlth healthful transpersonal
0.574 : bermuda bsnetherlands guadalajara vilnius kyrgyzstan malaga internacional whoeurope tashkent flvs
0.545 : world community people helping create dedicated mission supporting creating collaborations
0.668 : wife husband father mother proud friend christian married daughter boys
0.656 : nature environment environmental environmentalism seaweed environs pollination natures environ enviroment
0.626 : love family travel loves photography loving friends enjoy running dogs
Mean: 0.618, var:0.004
NPMI:0.61788
NPMI Mean:0.61788
NPMI Var:0.0

******************************************

Number of Clusters:50
0.672 : environment climate sustainability sustainable environmental environmentalism groundwater environs pollination environ
0.681 : teacher school principal middle westlake multiage prekindergarten middierising ycsd lpselma
0.718 : lover enthusiast nerd geek avid traveler wannabe adventurer techie afficianado
0.595 : artist design creative designer graphic visual painter photographic artistry photographe
0.697 : software sassoftware outsystems liferay microfocus synopsys ovhcloud qkrmcnlmcu snyksec enterprisearchitecture
0.664 : english spanish german italian portuguese trilingual englishman croatian argentinian spaniard
0.739 : research researcher ercresearch reseach sangerinstitute universitysa uniinnsbruck unigoettingen universitelaval mindresearch
0.664 : muskegon pawtucket dubuque susquehanna missoula chattahoochee kokomo plattsburgh northcarolina southland
0.561 : students college academic program career programs opportunities academics vocational graduates
0.676 : christian jesus christ follower faith disciple preacher romans missionary christians
0.676 : care medical outpatient rheumatologist inpatient transfusion prehospital osuwexmed pharmacovigilance phlebotomist
0.567 : love life family living food live travel loves nature passion
0.556 : world people learn future share create creating everyday changing difference
0.677 : janice rodney maynard bernadette frazier davison michaela marjorie marlowe cuthbert
0.564 : community chilliwack flagstaff pershing fdlrs escondido stateside flvs snoqualmie yellowknife
0.590 : global international newzealand seychelles uzbekistan bsnetherlands worldclass guadalajara vilnius kyrgyzstan
0.531 : politics policy political reforms disarmament lawyering polio democratising unmigration appropriations
0.615 : development services training management solutions service leading company experience providing
0.565 : music sounding songstress singersongwriter rocknroll beatboxer classicalmusic jingle rockmusic musicianship
0.664 : wife mother proud kids friend married daughter boys amazing mama
0.566 : online free website info blog check visit fingertips blogspot directories
0.616 : educator passionate professional learner advocate leader consultant specialist trainer lifelong
0.551 : tremendous instincts willingness consideration introspective tagline happyness introspection humanly plentiful
0.700 : technology tech digital innovation technologies innovations informationtechnology technolgy technologie techology
0.601 : creations gifting garments upscale lingerie fashions collectables preloved souvenirs shredding
0.635 : education learning teaching educational continuation educationaltechnology educative educations explorelearning curriculumassoc
0.717 : feminist allblacklivesmatter warrendemocrat lgbtqs milkteaalliance peoplesparty prouddemocrat democraticsocialist lgtbq protecttranskids
0.661 : sports football dodgeball racquetball fantasyfootball basketballer lpga sportsball footballing nhljets
0.604 : writer author blogger host storyteller podcaster novelist mastermind memoirist juggernaut
0.643 : whining brainwashed pissing disgusting lunacy undecided triggering annoyance downfall disbelief
0.832 : alum riceuniversity universityofga miamiuniversity elonuniversity drakeuniversity rowanuniversity cmuniversity universityofri colgateuniv
0.707 : patriot conservatarian godblessamerica proudamerican cavalry makeamericagreatagain infidel lnyhbt supportourtroops flotus
0.659 : twitter follow account official instagram page updates feed facebook handle
0.614 : support helping dedicated mission supporting focused committed focus empowering facilitating
0.573 : health mental fitness wellness addiction addictions lifespan complementary sedentary hlth
0.648 : news daily headlines reporters homepage journalistic headline newsfeed infotainment newsworthy
0.589 : director founder manager head senior executive exec founding activision codirector
0.539 : forgetting vengeance heartbreak brightness tommorow lamborghini cauldron rilke risotto huzzah
0.584 : content creator video games game gaming multiplayer webseries callofduty warframe
0.610 : books book writing shortstories unwritten bookouture authorship scwbi novellas hardcover
0.564 : time running enjoys soaking partying levelling slimming squeezing whistling fading
0.611 : business marketing media communications strategy strategist bussiness rebranding mediarelations blackbaud
0.592 : science university student professor studies graduate univeristy brockuniversity reseacher studier
0.644 : guacamole goldfish avocados fudge dumplings skittles mezcal peppermint licorice croissants
0.690 : tameside londonderry skipton bracknell trowbridge carluke maltby birkenhead greatermanchester tonyrefail
0.762 : india allahabad chhattisgarh gurugram tamilnadu guwahati himachal varanasi hyderabadi gandhinagar
0.707 : views tweets opinions personal tweet endorsements endorsement retweets expressed likes
0.606 : investment investments bullish compounding dividend financier broking brokering undervalued financialplanning
0.494 : social human justice intergenerational socialization mothership multigenerational deliberation rapporteur anitaborg
0.621 : goober boyband soulless dickhead kfbf woohoo vomit makowwka unlucky ohhh
Mean: 0.632, var:0.004
NPMI:0.63223
NPMI Mean:0.63223
NPMI Var:0.0

******************************************

Number of Clusters:80
0.660 : canada canadian australian ontario victoria vancouver calgary saskatchewan newfoundland mississauga
0.474 : operation protective responding collision detention responds risky protections trident intrusion
0.624 : bermuda uzbekistan bsnetherlands latvian guadalajara vilnius kyrgyzstan malaga wallonia internacional
0.661 : wife mother proud kids friend loving married daughter boys amazing
0.682 : sdpbc teacherlibrarian educatorfirst instructionaltechnology edtechie curriculumassoc coteaching fultoncoschools mlls alsde
0.678 : university student professor graduate grad univeristy universityofky brockuniversity elonuniversity drakeuniversity
0.707 : views tweets opinions personal tweet endorsements endorsement retweets expressed likes
0.695 : football basketball baseball soccer hockey golf tennis referee handball pickleball
0.682 : marketing communications strategy strategist sassoftware semrush publicisgroupe publicissapient attbusiness deloittedigital
0.526 : creations projection plethora backdrop duration collectables projections definitions compendium shredding
0.664 : learning edtech classroom blended experiential learnings relearning outdoorlearning learnin deeperlearning
0.738 : chichester northants basingstoke hartlepool tameside macclesfield morecambe cirencester tonbridge northwich
0.582 : owner runner skipper skiier jazzercise ringmaster scoutmaster cyclocross ridgeback enthusiest
0.631 : school schools middle academy middletown greenwood randolph carmel parkway lakeview
0.653 : certified google trainer level apple innovator promethean edmodo googlecertified quizlet
0.540 : women lives black woman lgbtq trans intersectional unapologetically liberation intersectionality
0.547 : humanity believes constellation willingness chooses plight knowledgeispower birthright truest equanimity
0.765 : handmarkedpaperballots warrendemocrat countryoverparty presidentbiden exgop drcole supportourtroops trumprussia trumplican holdtheline
0.516 : online free website courses levels thousands anytime sessions offline required
0.564 : time forgetting brag deciding arriving relying exiting overdrive doubting traversing
0.609 : twitterverse clueless gigantic supposedly goober annoyance soulless nutcase dickhead oblivion
0.602 : community network dedicated supporting communities organization committed profit promoting supports
0.590 : fashionable accessory foodies gifting sunglasses outfits fragrances upscale supermarket bedding
0.595 : love family food travel loves coffee photography nature passion friends
0.700 : editor journalist journalistic tbtimes fivethirtyeight bopinion journaliste politicoeurope dailyorange courierjournal
0.557 : education students children educational teachers professions paraprofessional educationally schoolhouse compulsory
0.670 : environment climate sustainability sustainable environmental environmentally environmentalism groundwater naturebasedsolutions environs
0.637 : care healthcare clinical nurse patient nursing hospitalist prescribing medication outpatient
0.581 : teaching english arts language teach french spanish languages multilingual mandarin
0.552 : science sciences maths biology physics mathematics chemistry astronomy mathematician nasa
0.665 : technology tech innovation technologies technologist innovations disruptive technological convergence informationtechnology
0.650 : library librarian libraries commons librarians mlis librarianship aasl cilip mslis
0.566 : life people living live happy everyday difference striving happen simply
0.708 : lover writer enthusiast reader nerd geek avid traveler fanatic foodie
0.674 : grade elementary principal kindergarten prek intermediate elem grader eighth sycamore
0.680 : uninorthants bristolian uniwestscotland londonderry edinburghnapier uninewcastle angliaruskin londonmetuni dmuleicester canterburyccuni
0.643 : history culture studies literature historian humanities anthropology histories literatures archeology
0.584 : innovative focused creating inspiring driven dynamic passionately sustaining resourceful daring
0.600 : business management company industry businesses consulting companies corporations multinational bussiness
0.622 : charlottesville augustana platteville utdallas muskegon missourian dubuque uvmvermont missoula northcarolina
0.673 : shoreline bozeman susquehanna sunnyvale southland flagstaff westmoreland comox centreville southgate
0.667 : host podcast talk podcaster podcasts podcasting podcasters applepodcasts talksport biweekly
0.551 : research project focus aspects researched experimentation advancements outputs reseach foci
0.648 : development leadership growth transformation organizational transformational effectiveness facilitation transformations leadershipdevelopment
0.658 : legal lawyer attorney litigation paralegal antitrust appellate arbitration barristers jurisprudence
0.642 : author fiction published novels novelist authored coauthor unpublished penguinrandom novella
0.608 : teacher educator coach learner math lifelong substitute inspirer supportateacher choosekind
0.544 : artist content designer creator producer freelance storyteller productions photographe videomaker
0.768 : security cloud informationsecurity cloudnative enterprisemobility hybridcloud networksecurity multicloud sddc ibmsecurity
0.528 : health assistant program conestoga deans jhpiego spps departmental gwsmhs werklund
0.544 : mental psychology wellness psychologist mindfulness holistic addictions interpersonal lactation psychoanalytic
0.574 : instagram gmail email contact facebook link insta click inquiries message
0.763 : india allahabad chhattisgarh gurugram tamilnadu himachal guwahati gorakhpur varanasi hyderabadi
0.661 : indifference hateful gaslighting brainwashed denying pissing rampant disgusting mocking lunacy
0.595 : learn helping create build mission leaders grow improve connect inspire
0.558 : politics policy justice political reforms randcorporation disarmament democracies polio democratising
0.505 : world global international american america africa citizen worldwide african asia
0.653 : music musician singer jazz musical drummer percussionist songwriting clarinetist musics
0.637 : entrepreneur investor angelinvestor startupper entreprise cryptoenthusiast invester angellist wantrepreneur cryptoassets
0.653 : games gamer roleplaying tetris tokusatsu callofduty warframe gunpla nintendoswitch noobs
0.650 : husband father christian jesus christ follower brother servant pastor daddy
0.592 : based services support training solutions service leading experience quality providing
0.680 : janice rodney maynard bernadette frazier davison nicholson michaela marjorie cuthbert
0.582 : mayonnaise smorgasbord chopsticks sawdust chernobyl lamborghini cauldron huzzah risotto hunnid
0.639 : twitter news follow account official page updates office feed handle
0.682 : sports parrothead cyclonenation redsoxnation redwings kingjames nhljets raysbaseball ndfootball redblacks
0.679 : data analytics intelligence machine artificial visualization algorithms predictive datascientist analytic
0.665 : activist feminist humanist egalitarian winger pescatarian southpaw ecosocialist flexitarian librocubicularist
0.728 : medical medicine physician internist rheumatologist transfusion nufeinbergmed osuwexmed otolaryngology endovascular
0.680 : epileptic tourette tinnitus scoliosis multiplesclerosis cervical hereditary scleroderma narcolepsy leukaemia
0.664 : researcher scientist lmumuenchen superstarsofstem compchem microfluidics sangerinstitute unigoettingen uniinnsbruck hhmi
0.593 : passionate professional advocate leader consultant specialist speaker expert passionated entrepeneur
0.574 : books book writing write writings shortstories bookshelf kidslisten unwritten bookworms
0.621 : primary secondary headmistress dosbarth lourdes ceiag scoil vhprimary primaryrocks holyrood
0.529 : team information share resources sharing info blog check related visit
0.523 : social digital media design creative communication internet creativity storytelling identity
0.598 : director founder senior executive exec founding codirector wellsfargo commitee whitebdadvisor
0.545 : award winning winner multi gold awards finalist emmy silver prize
0.603 : platform tools application effortless friction contactless programmable specifications bandwidth multiplatform
0.677 : software engineer developer programmer stack programing enginner outsystems programer jetbrains
Mean: 0.625, var:0.004
NPMI:0.62506
NPMI Mean:0.62506
NPMI Var:0.0

******************************************

Number of Clusters:100
0.616 : tweet stuff tweeting related random retweet posts lots occasionally memes
0.532 : news events updates daily source entertainment insights trends articles weekly
0.577 : professional leader consultant manager specialist expert strategist manger profesional consultor
0.551 : artist designer creator producer graphic productions artistry colorist showrunner beatmaker
0.623 : music musician jazz musical drummer percussionist flamenco clarinetist crossover musics
0.821 : alum brownuniversity riceuniversity miamiuniversity smithcollege elonuniversity drakeuniversity rowanuniversity universityofri cmuniversity
0.745 : brookside frankfort brandywine canandaigua susquehanna chattahoochee oakridge hauppauge millville westmoreland
0.726 : views tweets opinions personal endorsements endorsement retweets expressed likes opinion
0.493 : based information leading network forefront informational larger definitive preeminent consisting
0.625 : thinker optimist enthusiastic optimistic generalist multipotentialite enthusiastically nonconformist consummate incorrigible
0.611 : twitter account official page feed handle monitored maintained unofficial temporarily
0.676 : students grade elementary principal middle prek lakeview bethpage scsd wsfcs
0.601 : science scientist computer sciences physics mathematics computational astronomy physicist mathematician
0.723 : medical clinical physician internist outpatient rheumatologist inpatient paramedicine prehospital nufeinbergmed
0.655 : history studies literature historian humanities anthropology histories literatures archeology twitterstorian
0.587 : husband father proud retired christian believer follower brother grateful devoted
0.551 : social digital media content communications communication internet relations comms storytelling
0.668 : yeah lowkey bruh motherfucker shawty trynna dreadhead goober shyt nickiminaj
0.582 : policy reforms policymaking intergovernmental randcorporation worldresources goverment polio anitaborg welshgovernment
0.614 : businesses companies tools organizations helps individuals effective deliver manage scale
0.619 : serving riverside pasadena ventura norwalk antioch medina saratoga alameda alamo
0.454 : department physical counselor dept athletic counseling phys departments kinesiology sophomore
0.690 : bristol chichester tameside morecambe londonderry dmuleicester skipton liverpoolhopeuk trowbridge westmidlands
0.482 : living girl born native raised resident moved birth lived educated
0.723 : proteomics neurobiologist tuberculosis metagenomics drosophila zebrafish microfluidics homeostasis antibodies mechanobiology
0.670 : services training solutions service company providing provide consulting provider offers
0.512 : public schools county union charter title grant districts loudoun dade
0.536 : creative passion creativity inspired striving believes thrives brilliance daring enlightening
0.653 : university research researcher univeristy ercresearch lunduniversity keeleuniversity professorial reseach prattinstitute
0.425 : college library catholic campus church libraries prep colleges mary saint
0.627 : international congolese seychelles harare uzbekistan eswatini kyrgyzstan vilnius mogadishu malaga
0.629 : industry construction industrial industries manufacturing utilities trucking cement refining coatings
0.585 : free website blog check visit link click checkout sending clicks
0.628 : teacher educator coach learner math lifelong instructional coordinator integrationist montessorian
0.593 : books book writing unpublished shortstories unwritten bookouture authorship storied scwbi
0.599 : love loves reading loving friends enjoy dogs cats movies laugh
0.577 : society association organization professionals profit promoting nonprofit initiative organisation advance
0.654 : michigan tennessee missouri arkansas mississippi connecticut montana jacksonville greenville chattanooga
0.643 : south north east west central regional southern region northern rural
0.666 : pasta sandwiches chocolates cheesecake waffles pancakes watermelon avocado guacamole roasting
0.508 : community communities staff engagement volunteer partnership collaborative partnerships outreach civic
0.597 : advocate justice activist feminist equality advocator lgbtiq allyship feminista equalizer
0.536 : lamborghini groundskeeper cauldron huzzah risotto shimmering goosebumps plunder symplytacha albatross
0.587 : business founder bussiness entreprise attbusiness leapfrog bussines vjnydtnyow worx wealthsimple
0.557 : life world time live happy everyday difference happen simply hoping
0.591 : student program graduate grad alumni current studying masters doctoral undergrad
0.600 : psychology philosophy psychologist applied sociology neuroscience cognitive developmental metacognition sociological
0.506 : school english primary academy class secondary junior headteacher subject pupils
0.590 : gigantic supposedly annoyance plodding endearing nutcase dickhead oblivion suess vomit
0.770 : crypto investor bitcoin cryptocurrency currency cryptocurrencies currencies bullish cryptos blockchains
0.561 : american canadian danish quebec hungarian motherland croatian bulgarian bermuda damascus
0.568 : nature animal animals wild creatures caretaker otters wildflower birdwatching herbivore
0.713 : footballer everton spursofficial saracens bwfc footballers afcb pnefc wawaw scfc
0.587 : products shop branded retailer retailers inventory purchasing item appliances discounted
0.560 : author speaker award winning winner selling awards bestselling motivational tedx
0.635 : yoga spiritual mindfulness holistic healing meditation healer mindful practioner relaxation
0.445 : support partner voice talent collaboration partners supports foster voices supported
0.672 : legal lawyer attorney lawyers litigation paralegal antitrust appeals appellate arbitration
0.655 : conservative veteran military patriot troops tgdn conservatarian proudamerican paratrooper godblessamerica
0.625 : writer blogger freelance poet storyteller podcaster freelancer novelist wordsmith publicist
0.616 : people passionate helping building dedicated supporting focused creating committed empowering
0.699 : wife mother friend married daughter boys amazing sister mama mommy
0.681 : software data cloud databricks sassoftware hybridcloud outsystems liferay actualization dataops
0.705 : editor journalist journalistic tbtimes newsreader fivethirtyeight journaliste thenewsminute dailyorange gulfnews
0.733 : edtech stemeducation csufedtech educationaltechnology studentcentered servicelearning teacherlibrarian explorelearning edtechie thinkingclassroom
0.591 : creations gifting sunglasses lace garments lingerie fashions tupperware mosaics leggings
0.431 : city green urban town road street cities neighborhood councillor mayor
0.470 : follow rsvp comingsoon folow dhfm kudos abegapp officialcoredjs watchlist timezone
0.604 : engineer engineering electrical electronics mechanical chemical engineers embedded mechanic ieee
0.528 : development leadership experience quality innovative opportunities exceptional enhancement prospective professionalism
0.729 : developer stack backend rubyonrails developper jetbrains vercel coldfusion codeigniter swiftui
0.523 : technology tech design product technologies technologist integration emerging gadgets computers
0.535 : missing exploitation stalking protective responding threatening detention restrictions abuses responds
0.549 : children kids special child girls families parent parents adults ages
0.600 : photographer photography photo photos documentary portrait camera videographer photographers photog
0.776 : security cybersecurity cyber infosec cybersec cyberspace datasecurity phishing informationsecurity cloudsecurity
0.677 : marketing brand marketer branding advertising inbound marketeer programmatic marketingtwitter influencermarketing
0.653 : certified google ambassador level apple innovator nearpod newsela classdojo pionear
0.576 : health care mental healthcare wellness lifespan hlth lifesaving adherence healthful
0.709 : professor assistant associate prof adjunct dean asst assoc univ emeritus
0.652 : progressives authoritarian militant winger lefties dictatorship brainwashed meritocracy gerrymandering progressivism
0.702 : sports football basketball baseball soccer dodgeball racquetball fantasyfootball basketballer lpga
0.523 : human politics culture political perspective movements intersections intersectionality politic philosophies
0.543 : learn share create ideas teach build mission leaders impact connect
0.530 : online platform video courses easy videos interactive lessons anytime sessions
0.582 : director head senior board president executive chief officer advisor chair
0.601 : food coffee wine beer craft drink drinking whiskey fueled whisky
0.668 : gamer rwby eldritch tetris deadpool tokusatsu warframe kaiju nintendoswitch octane
0.669 : depression bipolar epileptic tourette mentalillness adhder tinnitus scoliosis multiplesclerosis stillness
0.745 : innovation innovations openinnovation socialinnovation informationtechnology sharingeconomy cocreation businesstransformation dxctechnology technovation
0.560 : instincts willingness indifference chooses truest willpower strife reverence amazement heartbreak
0.724 : lover enthusiast reader nerd geek runner avid traveler addict junkie
0.661 : education learning teaching educational teachers literacy curriculum classroom instruction integrating
0.649 : environment climate sustainability sustainable environmental environmentally environmentalism groundwater seaweed airquality
0.528 : bmore nuyorican chinatown chickasaw nashvillian beltway neworleans trinidadian phoenician hmong
0.492 : home gmail info call email contact questions touch hours direct
0.805 : resist handmarkedpaperballots warrendemocrat allblacklivesmatter fullyvaccinated postcardstovoters wearadamnmask presidentbiden eattherich geeksresist
0.654 : family travel running outdoors cooking traveling cycling adventures travelling hiking
0.526 : focus projection constellation specifications managerial piloting baseline multiplication studing modifications
0.665 : noel janice jameson rodney sheppard frazier nicholson michaela marjorie sykes
Mean: 0.613, var:0.007
NPMI:0.6127
NPMI Mean:0.6127
NPMI Var:0.0

******************************************

Number of Clusters:130
0.594 : yellowstone overlooking shoreline chinatown woodside gladstone stevenage primrose courtyard sandusky
0.499 : lives communities matter voices peoples disadvantaged populations poorest savinglives
0.626 : lead primary secondment pixl focustrust ceiag athrawes primaryrocks ddsl nqts
0.675 : janice jameson rodney maynard bernadette frazier nicholson davison michaela marjorie
0.626 : producer film production films documentary productions documentaries directing sundance showrunner
0.574 : national president association council committee alliance federation directors associations treasurer
0.635 : photographer travel photography nature travels photog photographs photographic photograph photographing
0.453 : blue white gold color silver belt purple pink grey yellow
0.626 : indifference dictatorship prevails meritocracy birthright lunacy downfall outright freedomfighter wokeness
0.582 : dogsbody pawrent mayonnaise nutcase grasshopper woohoo glassblower shopkeeper lamborghini eeyore
0.599 : researcher scientist reseacher lmumuenchen informaticist superstarsofstem stochastic complexsystems cognitivescience infated
0.720 : wolverines parrothead goirish nyrangers lakings broncoscountry goavsgo cyclonenation redsoxnation flapanthers
0.690 : software engineer developer stack outsystems elasticsearch liferay jetbrains netlify vercel
0.524 : living live loving person happy hard crazy everyday rest simply
0.680 : founder cofounder proctergamble wellsfargo pagerduty angellist vmlyr adroll foundersfactory bcgdv
0.790 : alum grad brownuniversity riceuniversity gwtweets universityofga universityofky miamiuniversity smithcollege elonuniversity
0.620 : award winning winner multi awards finalist emmy prize recipient nominated
0.614 : helping create build mission leaders grow connect inspire empowering achieve
0.491 : popularity constellation combinations synonymous overdrive definitions compendium constellations supercharged masterminds
0.503 : program center programs instructor camp centers enrichment readiness enrollment prepares
0.692 : crypto investor bitcoin investment trading investments currency cryptocurrencies equities currencies
0.656 : jesus christ follower grace lord saved thankful disciple faithful beloved
0.657 : environment climate sustainability sustainable environmental environmentally environmentalism groundwater environs worldresources
0.534 : children kids home special child families parents adult adults ages
0.692 : africa african kenya uganda cameroon zambia botswana southafrica rwandan ethiopian
0.505 : people learn share ideas teach stories read write story words
0.697 : editor journalist journalistic tbtimes fivethirtyeight bopinion thenewsminute journaliste popmech politicoeurope
0.615 : quality innovative improve tools individuals effective deliver enhance enabling enable
0.567 : public schools charter publicly hcps kipp schoolsafety charterschools charterschool publicschools
0.581 : teacher educator coordinator librarian nbct supervisor sped interventionist tchr maed
0.590 : technology tech innovation technologies computing technologist integration emerging edge innovations
0.583 : motorcycle motorcycles scooter skipper motorcycling collision wheeled carp motorhome paragliding
0.584 : director head senior board executive chief officer advisor chair deputy
0.602 : health care mental healthcare lifespan healthliteracy hlth lifesaving healthsystems medications
0.679 : certified google trainer level apple promethean edmodo googlecertified quizlet nearpodcertified
0.497 : unique original creations tapestry projection capsule masterpieces displaying lineage plethora
0.494 : school college middle academy library secondary campus junior prep admissions
0.688 : arsenal everton liverpoolfc spursofficial manchesterunited saracens bwfc footballers afcb springboks
0.597 : boys girls aged boarding ladies flexi stswithunsgirls rmsforgirls
0.614 : science math computer maths physics mathematics chemistry chem algebra mathematical
0.490 : free clicks legitimate guarantees checklist autopilot upfront necessities citations bonuses
0.779 : india allahabad chhattisgarh gurugram tamilnadu ghaziabad himachal guwahati bjpindia gorakhpur
0.568 : driven inspired dynamic engaged compassionate passionately grounded rounded integral resourceful
0.583 : research approaches developments institutional researches researched implications interprofessional laboratories ercresearch
0.770 : lunduniversity hkuniversity keeleuniversity astonuniversity assocprof uptuks universitysa unicomplutense simaduniversity predoctoral
0.596 : blogger blog lifestyle parenting influencer blogging blogs motherhood vlogger momblogger
0.542 : business businesses finance startups startup market enterprise corporate start entrepreneurship
0.745 : conservative trump maga patriot constitutionalist conservatives pureblood trumptrain trumper tgdn
0.588 : politics policy political issues economics economy policies socioeconomic reforms politic
0.605 : twitterverse clueless gigantic supposedly undecided annoyance plodding soulless oblivious unwilling
0.646 : valparaiso chaparral bemidji otterbein tallmadge claflin spartanswill owatonna flvs truemu
0.599 : husband father proud leader retired brother servant golfer daddy grandfather
0.529 : space universe galaxy realm stardust twilight transformers multiverse celestial intergalactic
0.708 : artist musician singer songwriter composer guitarist song drummer performer pianist
0.582 : social soci socia asocial
0.578 : rights defending whistleblower protective defenders detention restrictions restricted disarmament sanctions
0.753 : wife mother friend daughter sister mama mommy grandmother momma grandma
0.509 : coach sports football sport coaching physical basketball field teams soccer
0.566 : forgetting bending vengeance throttle heartbreak heartache brightness wrenching tommorow staircase
0.743 : bristol colchester chichester tameside macclesfield morecambe cirencester deptford tonbridge uxbridge
0.599 : tweet stuff tweeting related posts lots posting retweeting sorts suggestions
0.672 : teachers instructional edtech curriculum classroom instruction instructions curriculums flippedclassroom teacherlibrarian
0.665 : humanist pragmatist egalitarian iconoclast militant nonconformist winger southpaw pescatarian pastafarian
0.528 : society organization trust profit founded foundation charity nonprofit initiative organisation
0.545 : european europe socialist labour brexit fbpe tory nordic tories johnsonout
0.619 : writer author creator freelance poet storyteller podcaster novelist wordsmith publicist
0.599 : industry products construction industries manufacturing inventory engineered appliances compact cement
0.622 : building dedicated sharing supporting focused creating committed promoting bringing connecting
0.723 : biologist mycology proteomics metagenomics ecotoxicology drosophila zebrafish phenology compchem microfluidics
0.605 : animal dogs cats animals humans pets horses rescuer creatures companion
0.790 : blacklivesmatter allblacklivesmatter fullyvaccinated warrendemocrat postcardstovoters wearadamnmask eattherich lgbtqs fullyvaxxed familiesbelongtogether
0.627 : connecticut montana charleston jacksonville chattanooga chicagoland tacoma asheville fayetteville charlottesville
0.657 : food coffee wine chocolate pizza drinks sushi cocktails pasta tequila
0.529 : advocate aspiring parent doer cheerleader helper crusader advocator schooler creater
0.572 : instagram gmail info check youtube email contact visit facebook link
0.513 : news daily tips source entertainment covering breaking trends weather features
0.488 : love music family friends play movies rock dance disney favorite
0.723 : principal superintendent principals supt superintendents nassp naesp momsasprincipals massp principalsinaction
0.601 : fitness healthy yoga wellness nutrition mindfulness holistic balance mindful nutritional
0.688 : texas houston austin texan dallas aggie antonio baylor tamu utaustin
0.591 : london england scotland irish wales scottish glaswegian dubliner bristolian caledonian
0.549 : american country america veteran military navy navajo iraqi choctaw paratrooper
0.596 : christian catholic faith lutheran missionary missions christianity methodist anglican christians
0.516 : leadership passion striving connection progression succession cultivation tenacity elevation persevering
0.606 : history arts culture studies literature historian humanities cultures anthropology histories
0.726 : medical clinical physician internist resuscitation rheumatologist inpatient paramedicine prehospital nufeinbergmed
0.628 : psychology psychologist therapist emotional psych behavioral occupational developmental psychotherapist psychological
0.660 : games game gamer videogame speedrunner roleplaying tetris tokusatsu callofduty warframe
0.605 : player baseball hockey golf tennis squash competing handball powerlifting pickleball
0.667 : fiction series horror novels thriller thrillers fictional chronicles shorts indieauthor
0.628 : city south north east west central regional southern region northern
0.566 : professional consultant specialist speaker expert analyst experienced evangelist guru seasoned
0.622 : university professor assistant associate department institute faculty sciences dean dept
0.726 : views tweets opinions personal endorsements endorsement retweets expressed likes opinion
0.525 : development support team service experience project focus developement continuation baseline
0.581 : shop items sells merchandise item merchandising accessory handpicked sunglasses gifting
0.597 : digital design creative designer graphic visual storytelling creation graphics multimedia
0.543 : stem code programming coding steam robotics lego robots robot makerspace
0.654 : twitter follow account official page updates feed handle date monitored
0.531 : life world time change future difference progress believes move happen
0.576 : education learning students passionate teaching educational educationally compulsory educare educause
0.679 : loves reading enjoy running outdoors cooking traveling cycling enjoys travelling
0.585 : secretary democratic congressional representatives appointed councilor delegation precinct chairwoman assemblymember
0.564 : student study studying doctoral doctorate uvic athabasca brocku unbc athabascau
0.664 : host podcast talk podcasting podcasters podcasthost talkshow kidslisten applepodcasts radiohost
0.645 : addictions melanoma epileptic tinnitus scoliosis cervical hereditary scleroderma leukaemia ankylosing
0.612 : mobile website apps applications websites application platforms smartphone setup fingertips
0.584 : international belgrade bermuda damascus mallorca montréal bsnetherlands guadalajara vilnius grenada
0.745 : grandview grayslake albemarle roseville goochland frankfort moreland brandywine canandaigua granville
0.676 : grade elementary kindergarten grades prek intermediate fourth elem graders kinder
0.768 : security cybersecurity cyber infosec cybersec itsecurity cyberspace pentesting datasecurity phishing
0.724 : lover enthusiast reader nerd geek runner avid traveler addict junkie
0.682 : yeah lowkey bruh motherfucker shawty trynna shyt dickhead nickiminaj makowwka
0.621 : learner lifelong believer innovator administrator collaborator motivator encourager lifelonglearner achiever
0.586 : data management operations operational confluence managment managerial kpis microfocus allocation
0.782 : productmanagement informationtechnology sharingeconomy productdevelopment businessmodel businesstransformation businessmodels rrhh communitymanagement digitalbusiness
0.701 : services training leading providing provide provider courses offers offering offer
0.619 : solutions company consulting agency companies talent firm clients specializing consultancy
0.513 : engineering graduate major degree masters taught electrical mechanical pursuing bachelor
0.632 : books book writing bookshelf bookworms scwbi authorship writerly selfpublishing penguinukbooks
0.598 : women justice inclusion equality empowerment inclusivity belonging equalities intergenerational inclusiveness
0.410 : master king queen hunter jack trades prince technician princess captain
0.470 : heart born native raised resident birth lived educated grown roots
0.669 : english language french spanish languages german translator italian chinese linguistics
0.519 : community online global information network local platform resources professionals resource
0.710 : married beautiful amazing awesome blessed wonderful happily daughters lucky sons
0.503 : events join event conference coming brought featuring conferences sessions gathering
0.644 : feminist woman queer multiracial intersex nuyorican feminista latine cisgender heterosexual
0.678 : legal lawyer attorney lawyers litigation barrister paralegal litigator antitrust appeals
0.638 : marketing media content communications strategy brand communication strategist marketer branding
Mean: 0.615, var:0.006
NPMI:0.61542
NPMI Mean:0.61542
NPMI Var:0.0

******************************************

Number of Clusters:150
0.604 : land indigenous settler territory peoples treaty lands stolen unceded ancestors
0.453 : families parents active choice giving connected informed caring engaged involved
0.533 : national program center society institute organization profit foundation initiative alliance
0.602 : economics gender sociology sociologist anthropologist activism intersectionality sociological phenomenology sociocultural
0.651 : kids married beautiful happy boys amazing awesome crazy wonderful happily
0.526 : twitch affiliate streamer affiliated discord streams apex partnered subs affiliates
0.545 : life world people time live everyday finding move happen rest
0.617 : council committee secretary treasurer congressional representatives councils committees councilor presidents
0.614 : california socal riverside chico ventura oceanside malibu joaquin pinellas adirondack
0.683 : educator certified google innovator integrationist googlecertified speducator nearpodcertified discoveryed natgeocertified
0.638 : care nurse nursing hospitals maternity paramedic midwife nurses palliative midwifery
0.612 : teacher math nbct sped interventionist supportateacher middleschool homeroom choosekind englishteacher
0.563 : professional development consultant manager specialist training management experience expert focus
0.643 : south north east west central regional southern region northern rural
0.504 : city york park town village richmond corner suburban westchester landmark
0.654 : software engineer developer engineering programmer softwares programing softwareengineering platzi developper
0.586 : food travel coffee fitness wine beer chocolate craft drink whiskey
0.631 : based services service company quality providing provide consulting provider offers
0.533 : star wars stars moon rising trek starwars galaxy lone
0.648 : activist feminist progressive socialist humanist environmentalist centrist egalitarian progressives militant
0.720 : wolverines parrothead goirish nyrangers lakings broncoscountry goavsgo redsoxnation cyclonenation flapanthers
0.682 : thinker dreamer optimist explorer adventurer wanderer doer technophile overthinker wonderer
0.564 : director head senior board president coordinator executive chief officer advisor
0.482 : black matter white color brown male belt grey yellow blacks
0.460 : baseline wysiwyg compendium constellations binational worx flvs prowise synonym checkmate
0.579 : innovative thinking transformative combining rethinking collaboratively integral blending collectively approaching
0.584 : twilight nerdfighter starlight melancholy macgyver deadpool lighthearted kermit lovecraft ghostbusters
0.743 : bristol colchester chichester tameside macclesfield morecambe cirencester tonbridge deptford uxbridge
0.703 : worldresources globalyacademy globalgiving goodthingsfdn omidyarnetwork sdsnyouth daiglobal empathytoimpact letstalkscience bupardeeschool
0.599 : fellow recipient fellowship fulbright awardee fellows fellowships washfellowship tedfellow ncss
0.525 : education passionate children educational special child parent adult childhood additional
0.763 : india indian odisha bengaluru haryana allahabad chhattisgarh tamilnadu gujarati gurugram
0.622 : video games play game gaming playing videogames videogame gameplay pinball
0.671 : yeah lowkey bruh boobs motherfucker goddamn shawty trynna goober dickhead
0.611 : twitter account official page feed handle monitored maintained unofficial temporarily
0.687 : cancer thyroid melanoma ovarian pancreatic survivorship cervical scleroderma hereditary strokes
0.653 : music musician singer jazz musical drummer percussionist songwriting clarinetist musics
0.493 : human justice peace earth citizen humanity humanitarian universal peaceful liberation
0.562 : change youth leaders communities positive impact inspire empowering inspiring changing
0.538 : speaker trainer instructor facilitator presenter speaking motivational tedx keynote workshop
0.550 : blog tips money site reviews articles links blogging blogs tricks
0.678 : noel janice rodney jameson mclaughlin sheppard frazier davison nicholson michaela
0.617 : ireland england scotland irish wales scottish edinburgh welsh kilkenny wicklow
0.705 : disease diseases population infectious epidemiology epidemiologist immunology infection immunity viruses
0.693 : reader runner amateur wannabe cyclist gardener hiker extraordinaire novice jogger
0.660 : english language french spanish languages bilingual german translator italian chinese
0.613 : congolese harare uzbekistan libyan eswatini kenyatta mysuru hussein akbar pakistanis
0.620 : germany netherlands latvia bucharest belgrade bermuda slovakia singaporean newzealand strasbourg
0.644 : psychology psychologist emotional neuroscience cognitive occupational developmental psychotherapist psychological psychotherapy
0.613 : person opinionated genuinely enthusiastically insanely dangerously excitable oxymoron exuberant gregarious
0.620 : research methods researchers interdisciplinary qualitative researches researched transdisciplinary kuleuven uptake
0.563 : products shop creations inventory greeting item novelty merchandising accessory gifting
0.649 : reading photography running outdoors cooking traveling cycling enjoys travelling gardening
0.595 : public library librarian libraries commons librarians mlis archived librarianship librarylife
0.577 : writer advocate blogger creator freelance aspiring storyteller podcaster accidental advocator
0.654 : marketing content communications strategy brand strategist marketer branding advertising marketeer
0.738 : tbtimes motherjones nytopinion fivethirtyeight theobserver bopinion timeout dailycaller thenewsminute popmech
0.654 : medical healthcare clinical medicine physician pharmacist informatics dental clinician dentistry
0.544 : students teachers academic career skills programs opportunities educators learners levels
0.421 : home local independent proprietor friendliest schoolhouse independents housekeeping pickering buylocal
0.758 : security cybersecurity cyber infosec cybersec itsecurity cyberspace pentesting insecurity datasecurity
0.632 : nature wildlife conservation conservationist foraging wildflower wildflowers conservancy dragonfly seaweed
0.566 : lifestyle hospitality luxury destination culinary restaurant restaurants catering leisure hotels
0.492 : social digital media online communication internet consumer identity multimedia comm
0.615 : learning learner teaching lifelong classroom learnings instructure instructions servicelearning explorelearning
0.800 : blacklivesmatter resist allblacklivesmatter fullyvaccinated warrendemocrat wearadamnmask postcardstovoters presidentbiden eattherich geeksresist
0.483 : follow instagram updates stay related facebook insta date moved followers
0.690 : arsenal footballer everton liverpoolfc spursofficial manchesterunited saracens bwfc whufc englandrugby
0.476 : share join bring created ready coming discover started week excited
0.646 : founder entrepreneur cofounder rainmaker kiva jtbd adplist proctergamble wellsfargo pagerduty
0.657 : fashion style makeup stylist fashionista hairstylist wardrobe styling dresses fashionable
0.785 : digitalstrategy productmanagement businessdevelopment informationtechnology peopleanalytics productdevelopment marketingdigital businessmodel businesstransformation businessmodels
0.665 : coach sports football basketball baseball soccer hockey golf tennis athlete
0.579 : future futures shape shaping brighter reshaping tomorrows futur futura futuring
0.540 : global international worldwide countries globally globe internationally intl overseas inter
0.569 : district county superintendent serves unified districts counties township approximately supt
0.592 : guacamole handful goldfish crocs pretzels fudge dumplings skittles tofu throttle
0.513 : rights freedom equality speech liberty democracy equal rule accountability independence
0.593 : health mental healthy wellness wellbeing nutrition holistic mentalhealth healthier nutritionist
0.575 : technology tech innovation technologies smart technologist integration emerging edge innovations
0.722 : canada canadian toronto ontario alberta ottawa vancouver calgary edmonton waterloo
0.692 : counselor counseling counsellor counselors schoolcounselor counsellors asca scchat schoolcounseling counsels
0.766 : biology biologist molecular genetics microbiology biotechnology microbiologist biochemistry geneticist bioscience
0.571 : business businesses sales companies customer clients customers results employee productivity
0.657 : financial finance market investment investing banking investments asset financing finances
0.591 : school principal schools middle academy grades charter preschool magnet academies
0.575 : editor magazine publishing published press journal publisher newsletter review editorial
0.734 : solutions cloud enterprise infrastructure itsolutions deployments enterprisemobility hybridcloud liferay multicloud
0.557 : student graduate master candidate current studying major degree masters doctoral
0.571 : corporate legal lawyer attorney litigation corporations paralegal regulations antitrust appeals
0.617 : retired country veteran army military navy usaf retiree colonel widower
0.625 : leading dedicated sharing supporting focused creating committed promoting bringing connecting
0.628 : researcher lecturer prof researching phding univgroningen pracademic reseacher profesor keeleuniversity
0.536 : science computer stem space mathematics computing programming coding robotics computers
0.634 : love family loves passion loving friends enjoy movies laughter passions
0.537 : college primary secondary mary collegiate distinction coeducational headmaster marist augustine
0.609 : university professor assistant associate department faculty sciences campus dean dept
0.648 : industry construction industrial industries manufacturing automotive contractor contractors engineered trucking
0.564 : goal striving believes commitment determination progression tenacity instincts willingness consideration
0.519 : policy issues relations affairs advocacy governance reform civic policies tank
0.653 : autism adults disability adhd autistic depression neurodiversity bipolar aspergers cerebral
0.515 : community support team information project network supports initiatives collaborations springboard
0.673 : lborouniversity edgehill uninorthants smsc ceiag mhfaengland qtls primaryrocks athrawes ddsl
0.796 : javascript stack java backend fullstack microservices symfony reactnative jamstack csharp
0.684 : alum grad alumni alumna alumnus alumn ncat alumnae siuc alums
0.587 : free gmail website info check email contact visit link click
0.631 : icon cartoon persona cringe slots animes webcomics furries webtoon deviantart
0.618 : helping create build mission grow improve connect achieve organizations helps
0.692 : journalist reporter journalism journo photojournalist newsroom newshour journalistic newsday newsreader
0.605 : history politics culture studies literature philosophy historian humanities anthropology histories
0.638 : host podcast producer talk podcasting podcasters talkshow talksport radiohost creativemornings
0.657 : grade elementary kindergarten prek intermediate fourth elem graders kinder fcps
0.722 : husband father brother daddy grandfather uncle fisherman grandpa papa outdoorsman
0.614 : author books book novelist kidslisten docuseries bookouture authorship scwbi penguinukbooks
0.693 : wife mother proud friend daughter believer sister mama blessed mommy
0.643 : hospital surgery surgeon pediatric physiotherapist clinic rehabilitation surgical paediatric physio
0.572 : leadership diversity inclusion transformation inclusive empowerment mentoring organizational transformational effectiveness
0.801 : crypto blockchain bitcoin cryptocurrency defi currency cryptocurrencies currencies altcoin bullish
0.538 : platform professionals experts insights brings creators conversations managers valuable directory
0.799 : queer lesbian intersectional bisexual nonbinary asexual agender polyamorous genderqueer demisexual
0.624 : tweet stuff tweeting random lots occasionally silly posting retweeting rarely
0.583 : writing write words poetry writes written copy poems letters prose
0.747 : lover enthusiast nerd geek avid traveler addict junkie fanatic foodie
0.763 : conservative trump maga patriot constitution constitutional constitutionalist americafirst deplorable conservatives
0.572 : leader lead mentor servantleader ringleader onshape wellspringat ncsa leaderinme colead
0.645 : environment energy climate sustainability sustainable environmental economy environmentally environmentalism groundwater
0.691 : scientist computational physicist astrophysicist geoscientist geophysicist roboticist biophysicist lmumuenchen informaticist
0.560 : mind soul spirit mantra intuition manifesting heals flowing meditations stretching
0.599 : artist photographer design creative designer graphic visual photographic artistry photographe
0.519 : news events stories daily source entertainment covering breaking weather features
0.649 : data analyst analytics intelligence analysis machine artificial visualization algorithms predictive
0.682 : christian jesus christ follower faith grace disciple preacher romans missionary
0.609 : mobile tools application tool allowing fingertips authoring clicks effortless effortlessly
0.726 : views tweets opinions personal endorsements endorsement retweets expressed likes opinion
0.448 : learn heart teach read hard laugh feel speak smile leave
0.541 : prevention preventing exploitation stalking protective responding corrections threatening detention hazardous
0.609 : forgetting deciding guessing convincing vengeance tagline undecided relying annoyance doubting
0.616 : growth startups startup entrepreneurship capital entrepreneurs scale saas ecosystem venture
0.745 : frankfort brandywine canandaigua susquehanna chattahoochee oakridge millville tallwood sheboygan wentzville
0.492 : women american america african female latin asian mexican caribbean refugee
0.504 : save fighting planet fight saving deal campaigning fights stopping rebuilding
0.514 : living born native raised resident birth lived roots expat transplant
0.568 : motorcycle scooter skipper motorcycling tripping carp backcountry paragliding volvo motocross
0.830 : brownuniversity riceuniversity miamiuniversity elonuniversity drakeuniversity universityofri cmuniversity rowanuniversity senecacollege brynmawrcollege
0.773 : internist gastroenterologist rheumatologist pedsicu clevelandclinic radonc gastrointestinal neuroradiologist bidmchealth cardiotwitter
0.659 : authoritarian lefties dictatorship hateful gaslighting brainwashed pissing rampant disgrace disgusting
0.610 : animal dogs cats animals humans pets horses puppy rescuer companion
0.598 : cauldron eeyore huzzah risotto spqr xotwod albatross hunnid plunder treble
0.561 : real agent commercial estate insurance property licensed realtor homes broker
0.651 : michigan tennessee missouri mississippi connecticut montana charleston jacksonville chattanooga knoxville
Mean: 0.619, var:0.007
NPMI:0.61923
NPMI Mean:0.61923
NPMI Var:0.0

******************************************

